#
# There is insufficient memory for the Java Runtime Environment to continue.
# Native memory allocation (mmap) failed to map 532676608 bytes for Failed to commit area from 0x0000000604e00000 to 0x0000000624a00000 of length 532676608.
# Possible reasons:
#   The system is out of physical RAM or swap space
#   The process is running with CompressedOops enabled, and the Java Heap may be blocking the growth of the native heap
# Possible solutions:
#   Reduce memory load on the system
#   Increase physical memory or swap space
#   Check if swap backing store is full
#   Decrease Java heap size (-Xmx/-Xms)
#   Decrease number of Java threads
#   Decrease Java thread stack sizes (-Xss)
#   Set larger code cache with -XX:ReservedCodeCacheSize=
# This output file may be truncated or incomplete.
#
#  Out of Memory Error (./src/hotspot/os/windows/os_windows.cpp:3311), pid=7712, tid=17188
#
# JRE version:  (11.0.13+8) (build )
# Java VM: OpenJDK 64-Bit Server VM (11.0.13+8-LTS, mixed mode, sharing, tiered, compressed oops, g1 gc, windows-amd64)
# No core dump will be written. Minidumps are not enabled by default on client versions of Windows
#

---------------  S U M M A R Y ------------

Command Line: -XX:TieredStopAtLevel=1 -Xverify:none -Dspring.output.ansi.enabled=always -javaagent:C:\Program Files\JetBrains\IntelliJ IDEA 2021.2.3\lib\idea_rt.jar=52906:C:\Program Files\JetBrains\IntelliJ IDEA 2021.2.3\bin -Dcom.sun.management.jmxremote -Dspring.jmx.enabled=true -Dspring.liveBeansView.mbeanDomain -Dspring.application.admin.enabled=true -Dfile.encoding=UTF-8 joy.world.fc.finalproject.api.Application

Host: 11th Gen Intel(R) Core(TM) i7-1165G7 @ 2.80GHz, 8 cores, 31G,  Windows 10 , 64 bit Build 19041 (10.0.19041.1348)
Time: Wed Jan 12 09:15:34 2022 대한민국 표준시 elapsed time: 0.017942 seconds (0d 0h 0m 0s)

---------------  T H R E A D  ---------------

Current thread (0x000002bb340ed000):  JavaThread "Unknown thread" [_thread_in_vm, id=17188, stack(0x000000e2fd400000,0x000000e2fd500000)]

Stack: [0x000000e2fd400000,0x000000e2fd500000]
Native frames: (J=compiled Java code, j=interpreted, Vv=VM code, C=native code)
V  [jvm.dll+0x61ccaa]
V  [jvm.dll+0x7a9839]
V  [jvm.dll+0x7aaeff]
V  [jvm.dll+0x7ab5d3]
V  [jvm.dll+0x24f5d8]
V  [jvm.dll+0x619fba]
V  [jvm.dll+0x60e865]
V  [jvm.dll+0x30710c]
V  [jvm.dll+0x306f92]
V  [jvm.dll+0x30bcb6]
V  [jvm.dll+0x350eaf]
V  [jvm.dll+0x3508e0]
V  [jvm.dll+0x2e4208]
V  [jvm.dll+0x2e5366]
V  [jvm.dll+0x783657]
V  [jvm.dll+0x784ddf]
V  [jvm.dll+0x35dc39]
V  [jvm.dll+0x7665e0]
V  [jvm.dll+0x3cb68f]
V  [jvm.dll+0x3cda21]
C  [jli.dll+0x5207]
C  [ucrtbase.dll+0x21bb2]
C  [KERNEL32.DLL+0x17034]
C  [ntdll.dll+0x52651]


---------------  P R O C E S S  ---------------

Threads class SMR info:
_java_thread_list=0x000002bb33fece30, length=0, elements={
}

Java Threads: ( => current thread )

Other Threads:
  0x000002bb34106800 GCTaskThread "GC Thread#0" [stack: 0x000000e2fd500000,0x000000e2fd600000] [id=13436]
  0x000002bb34184800 ConcurrentGCThread "G1 Main Marker" [stack: 0x000000e2fd600000,0x000000e2fd700000] [id=17388]
  0x000002bb34187000 ConcurrentGCThread "G1 Conc#0" [stack: 0x000000e2fd700000,0x000000e2fd800000] [id=10052]

[error occurred during error reporting (printing all threads), id 0xc0000005, EXCEPTION_ACCESS_VIOLATION (0xc0000005) at pc=0x00007ffd301938e7]

VM state:not at safepoint (not fully initialized)

VM Mutex/Monitor currently owned by a thread:  ([mutex/lock_event])
[0x000002bb340e9be0] Heap_lock - owner thread: 0x000002bb340ed000

Heap address: 0x0000000604e00000, size: 8114 MB, Compressed Oops mode: Non-zero based: 0x0000000604e00000
Narrow klass base: 0x0000000000000000, Narrow klass shift: 0

GC Heap History (0 events):
No events

Deoptimization events (0 events):
No events

Classes redefined (0 events):
No events

Internal exceptions (0 events):
No events

Events (1 events):
Event: 0.011 Loaded shared library C:\Users\user\.jdks\corretto-11.0.13\bin\zip.dll


Dynamic libraries:
0x00007ff6713d0000 - 0x00007ff6713dd000 	C:\Users\user\.jdks\corretto-11.0.13\bin\java.exe
0x00007ffd7ee30000 - 0x00007ffd7f025000 	C:\Windows\SYSTEM32\ntdll.dll
0x00007ffd7d160000 - 0x00007ffd7d21e000 	C:\Windows\System32\KERNEL32.DLL
0x00007ffd7c6f0000 - 0x00007ffd7c9b8000 	C:\Windows\System32\KERNELBASE.dll
0x00007ffd7c5f0000 - 0x00007ffd7c6f0000 	C:\Windows\System32\ucrtbase.dll
0x00007ffd72760000 - 0x00007ffd72777000 	C:\Users\user\.jdks\corretto-11.0.13\bin\jli.dll
0x00007ffd7dc00000 - 0x00007ffd7dda1000 	C:\Windows\System32\USER32.dll
0x00007ffd7ca90000 - 0x00007ffd7cab2000 	C:\Windows\System32\win32u.dll
0x00007ffd7dbd0000 - 0x00007ffd7dbfb000 	C:\Windows\System32\GDI32.dll
0x00007ffd7cd60000 - 0x00007ffd7ce6d000 	C:\Windows\System32\gdi32full.dll
0x00007ffd7c9c0000 - 0x00007ffd7ca5d000 	C:\Windows\System32\msvcp_win.dll
0x00007ffd71af0000 - 0x00007ffd71b09000 	C:\Users\user\.jdks\corretto-11.0.13\bin\VCRUNTIME140.dll
0x00007ffd5d950000 - 0x00007ffd5dbea000 	C:\Windows\WinSxS\amd64_microsoft.windows.common-controls_6595b64144ccf1df_6.0.19041.1110_none_60b5254171f9507e\COMCTL32.dll
0x00007ffd7e980000 - 0x00007ffd7ea1e000 	C:\Windows\System32\msvcrt.dll
0x00007ffd7eb80000 - 0x00007ffd7ebb0000 	C:\Windows\System32\IMM32.DLL
0x00007ffd3f350000 - 0x00007ffd3f3eb000 	C:\Users\user\.jdks\corretto-11.0.13\bin\msvcp140.dll
0x00007ffd2fea0000 - 0x00007ffd30a1f000 	C:\Users\user\.jdks\corretto-11.0.13\bin\server\jvm.dll
0x00007ffd7ea20000 - 0x00007ffd7eacc000 	C:\Windows\System32\ADVAPI32.dll
0x00007ffd7e610000 - 0x00007ffd7e6ab000 	C:\Windows\System32\sechost.dll
0x00007ffd7d030000 - 0x00007ffd7d15a000 	C:\Windows\System32\RPCRT4.dll
0x00007ffd7ede0000 - 0x00007ffd7ede8000 	C:\Windows\System32\PSAPI.DLL
0x00007ffd5bbd0000 - 0x00007ffd5bbf7000 	C:\Windows\SYSTEM32\WINMM.dll
0x00007ffd71060000 - 0x00007ffd7106a000 	C:\Windows\SYSTEM32\VERSION.dll
0x00007ffd584b0000 - 0x00007ffd584b9000 	C:\Windows\SYSTEM32\WSOCK32.dll
0x00007ffd7e790000 - 0x00007ffd7e7fb000 	C:\Windows\System32\WS2_32.dll
0x00007ffd7ad80000 - 0x00007ffd7ad92000 	C:\Windows\SYSTEM32\kernel.appcore.dll
0x00007ffd743e0000 - 0x00007ffd743f0000 	C:\Users\user\.jdks\corretto-11.0.13\bin\verify.dll
0x00007ffd7a210000 - 0x00007ffd7a3f4000 	C:\Windows\SYSTEM32\DBGHELP.DLL
0x00007ffd5b880000 - 0x00007ffd5b8ac000 	C:\Windows\SYSTEM32\dbgcore.DLL
0x00007ffd7ccd0000 - 0x00007ffd7cd52000 	C:\Windows\System32\bcryptPrimitives.dll
0x00007ffd6c740000 - 0x00007ffd6c768000 	C:\Users\user\.jdks\corretto-11.0.13\bin\java.dll
0x00007ffd72750000 - 0x00007ffd7275a000 	C:\Users\user\.jdks\corretto-11.0.13\bin\jimage.dll
0x00007ffd727b0000 - 0x00007ffd727be000 	C:\Users\user\.jdks\corretto-11.0.13\bin\instrument.dll
0x00007ffd71980000 - 0x00007ffd71997000 	C:\Users\user\.jdks\corretto-11.0.13\bin\zip.dll

dbghelp: loaded successfully - version: 4.0.5 - missing functions: none
symbol engine: initialized successfully - sym options: 0x614 - pdb path: .;C:\Users\user\.jdks\corretto-11.0.13\bin;C:\Windows\SYSTEM32;C:\Windows\WinSxS\amd64_microsoft.windows.common-controls_6595b64144ccf1df_6.0.19041.1110_none_60b5254171f9507e;C:\Users\user\.jdks\corretto-11.0.13\bin\server

VM Arguments:
jvm_args: -XX:TieredStopAtLevel=1 -Xverify:none -Dspring.output.ansi.enabled=always -javaagent:C:\Program Files\JetBrains\IntelliJ IDEA 2021.2.3\lib\idea_rt.jar=52906:C:\Program Files\JetBrains\IntelliJ IDEA 2021.2.3\bin -Dcom.sun.management.jmxremote -Dspring.jmx.enabled=true -Dspring.liveBeansView.mbeanDomain -Dspring.application.admin.enabled=true -Dfile.encoding=UTF-8 
java_command: joy.world.fc.finalproject.api.Application
java_class_path (initial): C:\Users\user\IdeaProjects\code-design\final-project\calendar-api\build\classes\java\main;C:\Users\user\IdeaProjects\code-design\final-project\calendar-api\build\resources\main;C:\Users\user\.gradle\caches\modules-2\files-2.1\org.projectlombok\lombok\1.18.20\18bcea7d5df4d49227b4a0743a536208ce4825bb\lombok-1.18.20.jar;C:\Users\user\IdeaProjects\code-design\final-project\calendar-core\build\classes\java\main;C:\Users\user\.gradle\caches\modules-2\files-2.1\org.springframework.boot\spring-boot-starter-thymeleaf\2.5.2\bbf0322ed2d1e9b6b7e7e46903ceb1bba0dd3ba2\spring-boot-starter-thymeleaf-2.5.2.jar;C:\Users\user\.gradle\caches\modules-2\files-2.1\org.springframework.boot\spring-boot-starter-web\2.5.2\9d68318f6607728e253030aa145e529bae9b0883\spring-boot-starter-web-2.5.2.jar;C:\Users\user\.gradle\caches\modules-2\files-2.1\org.springframework.boot\spring-boot-starter-mail\2.5.2\ca34a7fa1c1067ade0814d0cfee83ec137e2c2cb\spring-boot-starter-mail-2.5.2.jar;C:\Users\user\.gradle\caches\modules-2\files-2.1\org.springframework.boot\spring-boot-starter-validation\2.5.2\1c024ce841f5b44c5bad46a4bd427c539dcccaf4\spring-boot-starter-validation-2.5.2.jar;C:\Users\user\.gradle\caches\modules-2\files-2.1\org.springframework.boot\spring-boot-starter-data-jpa\2.5.2\5038e48790990bc137c9a7e1cd97901a1350eb37\spring-boot-starter-data-jpa-2.5.2.jar;C:\Users\user\.gradle\caches\modules-2\files-2.1\org.springframework.boot\spring-boot-starter\2.5.2\5aa5345f60cd3fbca331c05015e0700553448d66\spring-boot-starter-2.5.2.jar;C:\Users\user\.gradle\caches\modules-2\files-2.1\org.thymeleaf\thymeleaf-spring5\3.0.12.RELEASE\aa640b214411978a23cbe271c3fb9569d1bda608\thymeleaf-spring5-3.0.12.RELEASE.jar;C:\Users\user\.gradle\caches\modules-2\files-2.1\org.thymeleaf.extras\thymeleaf-extras-java8time\3.0.4.RELEASE\36e7175ddce36c486fff4578b5af7bb32f54f5df\thymeleaf-extras-java8time-3.0.4.RELEASE.jar;C:\Users\user\.gradle\caches\modules-2\files-2.1\org.springframework.boot\spring-boot-
Launcher Type: SUN_STANDARD

[Global flags]
     bool BytecodeVerificationLocal                = false                                     {product} {command line}
     bool BytecodeVerificationRemote               = false                                     {product} {command line}
     intx CICompilerCount                          = 4                                         {product} {ergonomic}
     uint ConcGCThreads                            = 2                                         {product} {ergonomic}
     uint G1ConcRefinementThreads                  = 8                                         {product} {ergonomic}
   size_t G1HeapRegionSize                         = 2097152                                   {product} {ergonomic}
    uintx GCDrainStackTargetSize                   = 64                                        {product} {ergonomic}
   size_t InitialHeapSize                          = 532676608                                 {product} {ergonomic}
     bool ManagementServer                         = true                                      {product} {command line}
   size_t MarkStackSize                            = 4194304                                   {product} {ergonomic}
   size_t MaxHeapSize                              = 8508145664                                {product} {ergonomic}
   size_t MinHeapDeltaBytes                        = 2097152                                   {product} {ergonomic}
    uintx NonNMethodCodeHeapSize                   = 7549744                                {pd product} {ergonomic}
    uintx NonProfiledCodeHeapSize                  = 244108496                              {pd product} {ergonomic}
    uintx ProfiledCodeHeapSize                     = 0                                      {pd product} {ergonomic}
    uintx ReservedCodeCacheSize                    = 251658240                              {pd product} {ergonomic}
     bool SegmentedCodeCache                       = true                                      {product} {ergonomic}
     intx TieredStopAtLevel                        = 1                                         {product} {command line}
     bool UseCompressedClassPointers               = true                                 {lp64_product} {ergonomic}
     bool UseCompressedOops                        = true                                 {lp64_product} {ergonomic}
     bool UseG1GC                                  = true                                      {product} {ergonomic}
     bool UseLargePagesIndividualAllocation        = false                                  {pd product} {ergonomic}

Logging:
Log output configuration:
 #0: stdout all=warning uptime,level,tags
 #1: stderr all=off uptime,level,tags

Environment Variables:
JAVA_HOME=C:\Program Files\openjdk\openjdk-11+28_windows-x64_bin\jdk-11
PATH=C:\Windows\system32;C:\Windows;C:\Windows\System32\Wbem;C:\Windows\System32\WindowsPowerShell\v1.0\;C:\Windows\System32\OpenSSH\;C:\Program Files\openjdk\openjdk-11+28_windows-x64_bin\jdk-11\bin;C:\Program Files\Docker\Docker\resources\bin;C:\ProgramData\DockerDesktop\version-bin;C:\Program Files\Git\cmd;C:\Program Files\MySQL\MySQL Shell 8.0\bin\;C:\Users\user\AppData\Local\Microsoft\WindowsApps;C:\Program Files\heroku\bin
USERNAME=user
OS=Windows_NT
PROCESSOR_IDENTIFIER=Intel64 Family 6 Model 140 Stepping 1, GenuineIntel



---------------  S Y S T E M  ---------------

OS: Windows 10 , 64 bit Build 19041 (10.0.19041.1348)
OS uptime: 5 days 0:18 hours
Hyper-V role detected

CPU:total 8 (initial active 8) (4 cores per cpu, 2 threads per core) family 6 model 140 stepping 1 microcode 0x6c, cmov, cx8, fxsr, mmx, sse, sse2, sse3, ssse3, sse4.1, sse4.2, popcnt, avx, avx2, aes, clmul, erms, 3dnowpref, lzcnt, ht, tsc, tscinvbit, bmi1, bmi2, adx, evex, sha, fma

Memory: 4k page, system-wide physical 32448M (730M free)
TotalPageFile size 93203M (AvailPageFile size 277M)
current process WorkingSet (physical memory assigned to process): 10M, peak: 10M
current process commit charge ("private bytes"): 58M, peak: 566M

vm_info: OpenJDK 64-Bit Server VM (11.0.13+8-LTS) for windows-amd64 JRE (11.0.13+8-LTS), built on Oct 13 2021 21:32:06 by "Administrator" with unknown MS VC++:1916

END.
